<?xml version="1.0" encoding="UTF-8"?>
<!-- Generated by org.testng.reporters.JUnitReportReporter -->
<testsuite hostname="fsociety" failures="0" tests="1" name="registerUser.S100_testRegisterUser" time="22.045" errors="0" timestamp="2023-06-13T09:59:19 IST" skipped="0">
  <testcase classname="registerUser.S100_testRegisterUser" name="registerPageTest" time="22.045"/>
  <system-out/>
</testsuite> <!-- registerUser.S100_testRegisterUser -->
