<?xml version="1.0" encoding="UTF-8"?>
<!-- Generated by org.testng.reporters.JUnitReportReporter -->
<testsuite hostname="fsociety" failures="0" tests="1" name="registerUser.S100_testRegisterUser" time="10.648" errors="0" timestamp="2023-05-25T10:35:18 IST" skipped="0">
  <testcase classname="registerUser.S100_testRegisterUser" name="registerPageTest" time="10.648"/>
  <system-out/>
</testsuite> <!-- registerUser.S100_testRegisterUser -->
